<?xml version="1.0" encoding="UTF-8"?>
<testng-results ignored="0" total="5" passed="5" failed="0" skipped="0">
  <reporter-output>
  </reporter-output>
  <suite started-at="2021-10-13T11:18:47 IST" name="Suite" finished-at="2021-10-13T11:20:09 IST" duration-ms="82069">
    <groups>
      <group name="cucumber">
        <method signature="AbstractTestNGCucumberTests.runScenario(io.cucumber.testng.PickleWrapper,io.cucumber.testng.FeatureWrapper)[pri:0, instance:Runner.DealRunner@156b88f5]" name="runScenario" class="io.cucumber.testng.AbstractTestNGCucumberTests"/>
        <method signature="AbstractTestNGCucumberTests.runScenario(io.cucumber.testng.PickleWrapper,io.cucumber.testng.FeatureWrapper)[pri:0, instance:Runner.LoginRunner@71238fc2]" name="runScenario" class="io.cucumber.testng.AbstractTestNGCucumberTests"/>
        <method signature="AbstractTestNGCucumberTests.runScenario(io.cucumber.testng.PickleWrapper,io.cucumber.testng.FeatureWrapper)[pri:0, instance:Runner.OfferRunner@3bf9ce3e]" name="runScenario" class="io.cucumber.testng.AbstractTestNGCucumberTests"/>
      </group> <!-- cucumber -->
    </groups>
    <test started-at="2021-10-13T11:18:47 IST" name="Test" finished-at="2021-10-13T11:20:09 IST" duration-ms="82069">
      <class name="Runner.DealRunner">
        <test-method is-config="true" signature="setUpClass()[pri:0, instance:Runner.DealRunner@156b88f5]" started-at="2021-10-13T11:18:55 IST" name="setUpClass" finished-at="2021-10-13T11:18:55 IST" duration-ms="48" status="PASS">
          <reporter-output>
          </reporter-output>
        </test-method> <!-- setUpClass -->
        <test-method signature="runScenario(io.cucumber.testng.PickleWrapper,io.cucumber.testng.FeatureWrapper)[pri:0, instance:Runner.DealRunner@156b88f5]" started-at="2021-10-13T11:18:55 IST" name="runScenario" description="Runs Cucumber Scenarios" data-provider="scenarios" finished-at="2021-10-13T11:19:10 IST" duration-ms="15740" status="PASS">
          <params>
            <param index="0">
              <value>
                <![CDATA["Test Popularity button is working"]]>
              </value>
            </param>
            <param index="1">
              <value>
                <![CDATA["Optional[BigBasket Deals]"]]>
              </value>
            </param>
          </params>
          <reporter-output>
          </reporter-output>
        </test-method> <!-- runScenario -->
        <test-method signature="runScenario(io.cucumber.testng.PickleWrapper,io.cucumber.testng.FeatureWrapper)[pri:0, instance:Runner.DealRunner@156b88f5]" started-at="2021-10-13T11:19:10 IST" name="runScenario" description="Runs Cucumber Scenarios" data-provider="scenarios" finished-at="2021-10-13T11:19:25 IST" duration-ms="14757" status="PASS">
          <params>
            <param index="0">
              <value>
                <![CDATA["Test Price(low-high) button is working"]]>
              </value>
            </param>
            <param index="1">
              <value>
                <![CDATA["Optional[BigBasket Deals]"]]>
              </value>
            </param>
          </params>
          <reporter-output>
          </reporter-output>
        </test-method> <!-- runScenario -->
        <test-method signature="runScenario(io.cucumber.testng.PickleWrapper,io.cucumber.testng.FeatureWrapper)[pri:0, instance:Runner.DealRunner@156b88f5]" started-at="2021-10-13T11:19:25 IST" name="runScenario" description="Runs Cucumber Scenarios" data-provider="scenarios" finished-at="2021-10-13T11:19:42 IST" duration-ms="17265" status="PASS">
          <params>
            <param index="0">
              <value>
                <![CDATA["Test Alphabetically button is working"]]>
              </value>
            </param>
            <param index="1">
              <value>
                <![CDATA["Optional[BigBasket Deals]"]]>
              </value>
            </param>
          </params>
          <reporter-output>
          </reporter-output>
        </test-method> <!-- runScenario -->
        <test-method is-config="true" signature="tearDownClass()[pri:0, instance:Runner.DealRunner@156b88f5]" started-at="2021-10-13T11:19:42 IST" name="tearDownClass" finished-at="2021-10-13T11:19:42 IST" duration-ms="75" status="PASS">
          <reporter-output>
          </reporter-output>
        </test-method> <!-- tearDownClass -->
      </class> <!-- Runner.DealRunner -->
      <class name="Runner.LoginRunner">
        <test-method is-config="true" signature="setUpClass()[pri:0, instance:Runner.LoginRunner@71238fc2]" started-at="2021-10-13T11:18:47 IST" name="setUpClass" finished-at="2021-10-13T11:18:47 IST" duration-ms="450" status="PASS">
          <reporter-output>
          </reporter-output>
        </test-method> <!-- setUpClass -->
        <test-method signature="runScenario(io.cucumber.testng.PickleWrapper,io.cucumber.testng.FeatureWrapper)[pri:0, instance:Runner.LoginRunner@71238fc2]" started-at="2021-10-13T11:18:47 IST" name="runScenario" description="Runs Cucumber Scenarios" data-provider="scenarios" finished-at="2021-10-13T11:18:54 IST" duration-ms="6963" status="PASS">
          <params>
            <param index="0">
              <value>
                <![CDATA["To validate the title of Bigbasket"]]>
              </value>
            </param>
            <param index="1">
              <value>
                <![CDATA["Optional[BigBasket URL]"]]>
              </value>
            </param>
          </params>
          <reporter-output>
          </reporter-output>
        </test-method> <!-- runScenario -->
        <test-method is-config="true" signature="tearDownClass()[pri:0, instance:Runner.LoginRunner@71238fc2]" started-at="2021-10-13T11:18:54 IST" name="tearDownClass" finished-at="2021-10-13T11:18:55 IST" duration-ms="257" status="PASS">
          <reporter-output>
          </reporter-output>
        </test-method> <!-- tearDownClass -->
      </class> <!-- Runner.LoginRunner -->
      <class name="Runner.OfferRunner">
        <test-method is-config="true" signature="setUpClass()[pri:0, instance:Runner.OfferRunner@3bf9ce3e]" started-at="2021-10-13T11:19:42 IST" name="setUpClass" finished-at="2021-10-13T11:19:42 IST" duration-ms="15" status="PASS">
          <reporter-output>
          </reporter-output>
        </test-method> <!-- setUpClass -->
        <test-method signature="runScenario(io.cucumber.testng.PickleWrapper,io.cucumber.testng.FeatureWrapper)[pri:0, instance:Runner.OfferRunner@3bf9ce3e]" started-at="2021-10-13T11:19:42 IST" name="runScenario" description="Runs Cucumber Scenarios" data-provider="scenarios" finished-at="2021-10-13T11:20:09 IST" duration-ms="26435" status="PASS">
          <params>
            <param index="0">
              <value>
                <![CDATA["To check whether items in offer page is added to cart and quantity is change"]]>
              </value>
            </param>
            <param index="1">
              <value>
                <![CDATA["Optional[BigBasket Offers]"]]>
              </value>
            </param>
          </params>
          <reporter-output>
          </reporter-output>
        </test-method> <!-- runScenario -->
        <test-method is-config="true" signature="tearDownClass()[pri:0, instance:Runner.OfferRunner@3bf9ce3e]" started-at="2021-10-13T11:20:09 IST" name="tearDownClass" finished-at="2021-10-13T11:20:09 IST" duration-ms="20" status="PASS">
          <reporter-output>
          </reporter-output>
        </test-method> <!-- tearDownClass -->
      </class> <!-- Runner.OfferRunner -->
    </test> <!-- Test -->
  </suite> <!-- Suite -->
</testng-results>
